<?xml version="1.0" encoding="UTF-8"?>
<testsuite name="karpov.minimizer.AutomatReaderTest" tests="1" skipped="0" failures="0" errors="0" timestamp="2017-03-31T17:38:18" hostname="pupsik" time="0.007">
  <properties/>
  <testcase name="readingTest" classname="karpov.minimizer.AutomatReaderTest" time="0.007"/>
  <system-out><![CDATA[E:\IdeaProject\Polytech\src\main\resources\karpov.minimizer\automat.txt (Нет такого файла или каталога)
Таблица переходов
Принимающие и непринимающие узлы
]]></system-out>
  <system-err><![CDATA[]]></system-err>
</testsuite>
