<?xml version="1.0" encoding="UTF-8"?>
<testsuite name="statistic.modeling.lab2.distribution.Lab2Test" tests="1" skipped="0" failures="0" errors="0" timestamp="2017-03-31T17:38:13" hostname="pupsik" time="3.36">
  <properties/>
  <testcase name="factorialTest" classname="statistic.modeling.lab2.distribution.Lab2Test" time="3.36"/>
  <system-out><![CDATA[]]></system-out>
  <system-err><![CDATA[]]></system-err>
</testsuite>
>
